<?xml version="1.0" encoding="UTF-8" ?>
<testsuites>
  <testsuite errors="0" failures="0" hostname="ujjwal-PC" id="0" name="BiddingIntegrationTests" package="auctionhaus" tests="3" time="0.789" timestamp="2012-04-13T16:51:03">
      <properties />

      <testcase classname="auctionhaus.BiddingIntegrationTests" name="testBiddingIsSavedWhenListingIsSaved" time="0.525" />

      <testcase classname="auctionhaus.BiddingIntegrationTests" name="testBidAmountIsFiftyCentHigherThanPreviousBid" time="0.077" />

      <testcase classname="auctionhaus.BiddingIntegrationTests" name="testBidsAboutListingNamedQuery" time="0.164" />

      <system-out><![CDATA[--Output from testBiddingIsSavedWhenListingIsSaved--
--Output from testBidAmountIsFiftyCentHigherThanPreviousBid--
--Output from testBidsAboutListingNamedQuery--
]]></system-out>

      <system-err><![CDATA[--Output from testBiddingIsSavedWhenListingIsSaved--
--Output from testBidAmountIsFiftyCentHigherThanPreviousBid--
--Output from testBidsAboutListingNamedQuery--
]]></system-err>

  </testsuite>
  <testsuite errors="0" failures="0" hostname="ujjwal-PC" id="1" name="CustomerIntegrationTests" package="auctionhaus" tests="1" time="0.085" timestamp="2012-04-13T16:51:04">
      <properties />

      <testcase classname="auctionhaus.CustomerIntegrationTests" name="testEmailIsUnique" time="0.056" />

      <system-out><![CDATA[--Output from testEmailIsUnique--
]]></system-out>

      <system-err><![CDATA[--Output from testEmailIsUnique--
]]></system-err>

  </testsuite>
  <testsuite errors="0" failures="0" hostname="ujjwal-PC" id="2" name="ListingNotificationServiceTests" package="auctionhaus" tests="3" time="1.216" timestamp="2012-04-13T16:51:04">
      <properties />

      <testcase classname="auctionhaus.ListingNotificationServiceTests" name="testListingEndedSendEmail_usingGreenMail" time="0.58" />

      <testcase classname="auctionhaus.ListingNotificationServiceTests" name="testListingEndedSendEmail" time="0.167" />

      <testcase classname="auctionhaus.ListingNotificationServiceTests" name="testListingEndedSendJMS" time="0.461" />

      <system-out><![CDATA[--Output from testListingEndedSendEmail_usingGreenMail--
Listing ended call for Orange
sendListingEndedEmailToWinner for Orange
complete sendListingEndedEmailToWinner for Orange
sendListingEndedEmailToSeller for Orange
complete sendListingEndedEmailToWinner for Orange
--Output from testListingEndedSendEmail--
Listing ended call for Orange
sendListingEndedEmailToWinner for Orange
complete sendListingEndedEmailToWinner for Orange
sendListingEndedEmailToSeller for Orange
complete sendListingEndedEmailToWinner for Orange
--Output from testListingEndedSendJMS--
Get all expired listing
sendListingEndedJMS for Cup
completed sendListingJMS for: cup
sendListingEndedJMS for Mug
completed sendListingJMS for: mug
]]></system-out>

      <system-err><![CDATA[--Output from testListingEndedSendEmail_usingGreenMail--
--Output from testListingEndedSendEmail--
--Output from testListingEndedSendJMS--
]]></system-err>

  </testsuite>
  <testsuite errors="0" failures="0" hostname="ujjwal-PC" id="3" name="AuthTagLibTests" package="auctionhaus" tests="1" time="2.72" timestamp="2012-04-13T16:50:27">
      <properties />

      <testcase classname="auctionhaus.AuthTagLibTests" name="testSomething" time="2.305" />

      <system-out><![CDATA[--Output from testSomething--
]]></system-out>

      <system-err><![CDATA[--Output from testSomething--
]]></system-err>

  </testsuite>
  <testsuite errors="0" failures="0" hostname="ujjwal-PC" id="4" name="BiddingTests" package="auctionhaus" tests="5" time="1.82" timestamp="2012-04-13T16:50:30">
      <properties />

      <testcase classname="auctionhaus.BiddingTests" name="testBidsAreRequiredToHaveABidder" time="0.929" />

      <testcase classname="auctionhaus.BiddingTests" name="testBidsAreRequiredToBeForListing" time="0.051" />

      <testcase classname="auctionhaus.BiddingTests" name="testDateCreatedIsAssigned" time="0.05" />

      <testcase classname="auctionhaus.BiddingTests" name="testAmountIsRequired" time="0.081" />

      <testcase classname="auctionhaus.BiddingTests" name="testListingHasListOfBids" time="0.352" />

      <system-out><![CDATA[--Output from testBidsAreRequiredToHaveABidder--
--Output from testBidsAreRequiredToBeForListing--
--Output from testDateCreatedIsAssigned--
--Output from testAmountIsRequired--
--Output from testListingHasListOfBids--
]]></system-out>

      <system-err><![CDATA[--Output from testBidsAreRequiredToHaveABidder--
--Output from testBidsAreRequiredToBeForListing--
--Output from testDateCreatedIsAssigned--
--Output from testAmountIsRequired--
--Output from testListingHasListOfBids--
]]></system-err>

  </testsuite>
  <testsuite errors="0" failures="0" hostname="ujjwal-PC" id="5" name="CustomerControllerTests" package="auctionhaus" tests="1" time="3.048" timestamp="2012-04-13T16:50:32">
      <properties />

      <testcase classname="auctionhaus.CustomerControllerTests" name="testDelete" time="2.988" />

      <system-out><![CDATA[--Output from testDelete--
]]></system-out>

      <system-err><![CDATA[--Output from testDelete--
]]></system-err>

  </testsuite>
  <testsuite errors="0" failures="0" hostname="ujjwal-PC" id="6" name="CustomerServiceTests" package="auctionhaus" tests="1" time="0.18" timestamp="2012-04-13T16:50:35">
      <properties />

      <testcase classname="auctionhaus.CustomerServiceTests" name="testaddNewCustomer" time="0.137" />

      <system-out><![CDATA[--Output from testaddNewCustomer--
]]></system-out>

      <system-err><![CDATA[--Output from testaddNewCustomer--
]]></system-err>

  </testsuite>
  <testsuite errors="0" failures="0" hostname="ujjwal-PC" id="7" name="CustomerTests" package="auctionhaus" tests="7" time="0.453" timestamp="2012-04-13T16:50:35">
      <properties />

      <testcase classname="auctionhaus.CustomerTests" name="testPasswordIsBetweenRightSize" time="0.048" />

      <testcase classname="auctionhaus.CustomerTests" name="testPasswordIsRequired" time="0.041" />

      <testcase classname="auctionhaus.CustomerTests" name="testEmailIsRequired" time="0.024" />

      <testcase classname="auctionhaus.CustomerTests" name="testDateCreatedIsRequired" time="0.058" />

      <testcase classname="auctionhaus.CustomerTests" name="testPasswordIsBelowMax" time="0.034" />

      <testcase classname="auctionhaus.CustomerTests" name="testPasswordIsAboveMin" time="0.028" />

      <testcase classname="auctionhaus.CustomerTests" name="testEmailIsValid" time="0.038" />

      <system-out><![CDATA[--Output from testPasswordIsBetweenRightSize--
--Output from testPasswordIsRequired--
--Output from testEmailIsRequired--
--Output from testDateCreatedIsRequired--
--Output from testPasswordIsBelowMax--
--Output from testPasswordIsAboveMin--
--Output from testEmailIsValid--
]]></system-out>

      <system-err><![CDATA[--Output from testPasswordIsBetweenRightSize--
--Output from testPasswordIsRequired--
--Output from testEmailIsRequired--
--Output from testDateCreatedIsRequired--
--Output from testPasswordIsBelowMax--
--Output from testPasswordIsAboveMin--
--Output from testEmailIsValid--
]]></system-err>

  </testsuite>
  <testsuite errors="0" failures="0" hostname="ujjwal-PC" id="8" name="EmailListeningServiceTests" package="auctionhaus" tests="1" time="0.084" timestamp="2012-04-13T16:50:35">
      <properties />

      <testcase classname="auctionhaus.EmailListeningServiceTests" name="testSomething" time="0.029" />

      <system-out><![CDATA[--Output from testSomething--
]]></system-out>

      <system-err><![CDATA[--Output from testSomething--
]]></system-err>

  </testsuite>
  <testsuite errors="0" failures="0" hostname="ujjwal-PC" id="9" name="ListingControllerTests" package="auctionhaus" tests="5" time="4.902" timestamp="2012-04-13T16:50:36">
      <properties />

      <testcase classname="auctionhaus.ListingControllerTests" name="testFlashAddBidSuccessful" time="0.41" />

      <testcase classname="auctionhaus.ListingControllerTests" name="testFlashAddBidFail" time="2.749" />

      <testcase classname="auctionhaus.ListingControllerTests" name="testInvalidAddBids" time="1.186" />

      <testcase classname="auctionhaus.ListingControllerTests" name="testAddBids" time="0.239" />

      <testcase classname="auctionhaus.ListingControllerTests" name="testIndex" time="0.211" />

      <system-out><![CDATA[--Output from testFlashAddBidSuccessful--
--Output from testFlashAddBidFail--
--Output from testInvalidAddBids--
default.unsuccessful.bid.submitted--Output from testAddBids--
--Output from testIndex--
]]></system-out>

      <system-err><![CDATA[--Output from testFlashAddBidSuccessful--
--Output from testFlashAddBidFail--
--Output from testInvalidAddBids--
--Output from testAddBids--
--Output from testIndex--
]]></system-err>

  </testsuite>
  <testsuite errors="0" failures="0" hostname="ujjwal-PC" id="10" name="ListingServiceTests" package="auctionhaus" tests="3" time="1.281" timestamp="2012-04-13T16:50:40">
      <properties />

      <testcase classname="auctionhaus.ListingServiceTests" name="testaddBidToListing_Fail_WhenListingExpired" time="0.775" />

      <testcase classname="auctionhaus.ListingServiceTests" name="testaddBidToListing" time="0.122" />

      <testcase classname="auctionhaus.ListingServiceTests" name="testaddNewListing" time="0.075" />

      <system-out><![CDATA[--Output from testaddBidToListing_Fail_WhenListingExpired--
--Output from testaddBidToListing--
--Output from testaddNewListing--
]]></system-out>

      <system-err><![CDATA[--Output from testaddBidToListing_Fail_WhenListingExpired--
--Output from testaddBidToListing--
--Output from testaddNewListing--
]]></system-err>

  </testsuite>
  <testsuite errors="0" failures="0" hostname="ujjwal-PC" id="11" name="ListingTests" package="auctionhaus" tests="11" time="0.332" timestamp="2012-04-13T16:50:42">
      <properties />

      <testcase classname="auctionhaus.ListingTests" name="testLengthOfDescriptionTooLong" time="0.049" />

      <testcase classname="auctionhaus.ListingTests" name="testNameIsRequired" time="0.024" />

      <testcase classname="auctionhaus.ListingTests" name="testNameIsNotBlank" time="0.022" />

      <testcase classname="auctionhaus.ListingTests" name="testLengthOfNameTooLong" time="0.02" />

      <testcase classname="auctionhaus.ListingTests" name="testLengthOfNameOK" time="0.022" />

      <testcase classname="auctionhaus.ListingTests" name="testDateNotNull" time="0.019" />

      <testcase classname="auctionhaus.ListingTests" name="testDateIsInFuture" time="0.02" />

      <testcase classname="auctionhaus.ListingTests" name="testPriceStartedIsRequired" time="0.02" />

      <testcase classname="auctionhaus.ListingTests" name="testPriceStartedIsValid" time="0.019" />

      <testcase classname="auctionhaus.ListingTests" name="testSellerIsRequired" time="0.019" />

      <testcase classname="auctionhaus.ListingTests" name="testLengthOfDescriptionOK" time="0.019" />

      <system-out><![CDATA[--Output from testLengthOfDescriptionTooLong--
--Output from testNameIsRequired--
--Output from testNameIsNotBlank--
--Output from testLengthOfNameTooLong--
--Output from testLengthOfNameOK--
--Output from testDateNotNull--
--Output from testDateIsInFuture--
--Output from testPriceStartedIsRequired--
--Output from testPriceStartedIsValid--
--Output from testSellerIsRequired--
--Output from testLengthOfDescriptionOK--
]]></system-out>

      <system-err><![CDATA[--Output from testLengthOfDescriptionTooLong--
--Output from testNameIsRequired--
--Output from testNameIsNotBlank--
--Output from testLengthOfNameTooLong--
--Output from testLengthOfNameOK--
--Output from testDateNotNull--
--Output from testDateIsInFuture--
--Output from testPriceStartedIsRequired--
--Output from testPriceStartedIsValid--
--Output from testSellerIsRequired--
--Output from testLengthOfDescriptionOK--
]]></system-err>

  </testsuite>
</testsuites>
