<?xml version="1.0" encoding="UTF-8" ?>
<testsuites>
  <testsuite errors="0" failures="0" hostname="ujjwal-PC" id="0" name="BiddingIntegrationTests" package="auctionhaus" tests="3" time="1.004" timestamp="2012-04-13T20:30:45">
      <properties />

      <testcase classname="auctionhaus.BiddingIntegrationTests" name="testBiddingIsSavedWhenListingIsSaved" time="0.779" />

      <testcase classname="auctionhaus.BiddingIntegrationTests" name="testBidAmountIsFiftyCentHigherThanPreviousBid" time="0.087" />

      <testcase classname="auctionhaus.BiddingIntegrationTests" name="testBidsAboutListingNamedQuery" time="0.126" />

      <system-out><![CDATA[--Output from testBiddingIsSavedWhenListingIsSaved--
--Output from testBidAmountIsFiftyCentHigherThanPreviousBid--
--Output from testBidsAboutListingNamedQuery--
]]></system-out>

      <system-err><![CDATA[--Output from testBiddingIsSavedWhenListingIsSaved--
--Output from testBidAmountIsFiftyCentHigherThanPreviousBid--
--Output from testBidsAboutListingNamedQuery--
]]></system-err>

  </testsuite>
  <testsuite errors="0" failures="0" hostname="ujjwal-PC" id="1" name="CustomerIntegrationTests" package="auctionhaus" tests="1" time="0.072" timestamp="2012-04-13T20:30:46">
      <properties />

      <testcase classname="auctionhaus.CustomerIntegrationTests" name="testEmailIsUnique" time="0.04" />

      <system-out><![CDATA[--Output from testEmailIsUnique--
]]></system-out>

      <system-err><![CDATA[--Output from testEmailIsUnique--
]]></system-err>

  </testsuite>
  <testsuite errors="0" failures="0" hostname="ujjwal-PC" id="2" name="ListingNotificationServiceTests" package="auctionhaus" tests="3" time="1.745" timestamp="2012-04-13T20:30:46">
      <properties />

      <testcase classname="auctionhaus.ListingNotificationServiceTests" name="testListingEndedSendEmail_usingGreenMail" time="0.522" />

      <testcase classname="auctionhaus.ListingNotificationServiceTests" name="testListingEndedSendJMS" time="0.845" />

      <testcase classname="auctionhaus.ListingNotificationServiceTests" name="testListingEndedSendEmail" time="0.357" />

      <system-out><![CDATA[--Output from testListingEndedSendEmail_usingGreenMail--
Listing ended call for Orange
sendListingEndedEmailToWinner for Orange
complete sendListingEndedEmailToWinner for Orange
sendListingEndedEmailToSeller for Orange
complete sendListingEndedEmailToWinner for Orange
--Output from testListingEndedSendJMS--
Get all expired listing
sendListingEndedJMS for Cup
completed sendListingJMS for: cup
sendListingEndedJMS for Mug
completed sendListingJMS for: mug
--Output from testListingEndedSendEmail--
Listing ended call for Orange
sendListingEndedEmailToWinner for Orange
exception: groovy.lang.MissingMethodException: No signature of method: auctionhaus.ListingNotificationService.sendMail() is applicable for argument types: (auctionhaus.ListingNotificationService$_sendListingEndedEmailToWinner_closure2) values: [auctionhaus.ListingNotificationService$_sendListingEndedEmailToWinner_closure2@3d33f3cf]
Possible solutions: findAll()
]]></system-out>

      <system-err><![CDATA[--Output from testListingEndedSendEmail_usingGreenMail--
--Output from testListingEndedSendJMS--
--Output from testListingEndedSendEmail--
]]></system-err>

  </testsuite>
  <testsuite errors="0" failures="0" hostname="ujjwal-PC" id="3" name="AuthTagLibTests" package="auctionhaus" tests="1" time="2.913" timestamp="2012-04-13T20:30:07">
      <properties />

      <testcase classname="auctionhaus.AuthTagLibTests" name="testSomething" time="2.531" />

      <system-out><![CDATA[--Output from testSomething--
]]></system-out>

      <system-err><![CDATA[--Output from testSomething--
]]></system-err>

  </testsuite>
  <testsuite errors="0" failures="0" hostname="ujjwal-PC" id="4" name="BiddingTests" package="auctionhaus" tests="5" time="1.42" timestamp="2012-04-13T20:30:09">
      <properties />

      <testcase classname="auctionhaus.BiddingTests" name="testDateCreatedIsAssigned" time="0.849" />

      <testcase classname="auctionhaus.BiddingTests" name="testListingHasListOfBids" time="0.297" />

      <testcase classname="auctionhaus.BiddingTests" name="testAmountIsRequired" time="0.067" />

      <testcase classname="auctionhaus.BiddingTests" name="testBidsAreRequiredToHaveABidder" time="0.045" />

      <testcase classname="auctionhaus.BiddingTests" name="testBidsAreRequiredToBeForListing" time="0.043" />

      <system-out><![CDATA[--Output from testDateCreatedIsAssigned--
--Output from testListingHasListOfBids--
--Output from testAmountIsRequired--
--Output from testBidsAreRequiredToHaveABidder--
--Output from testBidsAreRequiredToBeForListing--
]]></system-out>

      <system-err><![CDATA[--Output from testDateCreatedIsAssigned--
--Output from testListingHasListOfBids--
--Output from testAmountIsRequired--
--Output from testBidsAreRequiredToHaveABidder--
--Output from testBidsAreRequiredToBeForListing--
]]></system-err>

  </testsuite>
  <testsuite errors="0" failures="0" hostname="ujjwal-PC" id="5" name="CustomerControllerTests" package="auctionhaus" tests="1" time="2.255" timestamp="2012-04-13T20:30:11">
      <properties />

      <testcase classname="auctionhaus.CustomerControllerTests" name="testDelete" time="2.201" />

      <system-out><![CDATA[--Output from testDelete--
]]></system-out>

      <system-err><![CDATA[--Output from testDelete--
]]></system-err>

  </testsuite>
  <testsuite errors="0" failures="0" hostname="ujjwal-PC" id="6" name="CustomerServiceTests" package="auctionhaus" tests="1" time="0.215" timestamp="2012-04-13T20:30:13">
      <properties />

      <testcase classname="auctionhaus.CustomerServiceTests" name="testaddNewCustomer" time="0.155" />

      <system-out><![CDATA[--Output from testaddNewCustomer--
]]></system-out>

      <system-err><![CDATA[--Output from testaddNewCustomer--
]]></system-err>

  </testsuite>
  <testsuite errors="0" failures="0" hostname="ujjwal-PC" id="7" name="CustomerTests" package="auctionhaus" tests="7" time="0.635" timestamp="2012-04-13T20:30:13">
      <properties />

      <testcase classname="auctionhaus.CustomerTests" name="testPasswordIsBelowMax" time="0.05" />

      <testcase classname="auctionhaus.CustomerTests" name="testDateCreatedIsRequired" time="0.056" />

      <testcase classname="auctionhaus.CustomerTests" name="testPasswordIsRequired" time="0.107" />

      <testcase classname="auctionhaus.CustomerTests" name="testEmailIsRequired" time="0.194" />

      <testcase classname="auctionhaus.CustomerTests" name="testPasswordIsAboveMin" time="0.053" />

      <testcase classname="auctionhaus.CustomerTests" name="testEmailIsValid" time="0.073" />

      <testcase classname="auctionhaus.CustomerTests" name="testPasswordIsBetweenRightSize" time="0.028" />

      <system-out><![CDATA[--Output from testPasswordIsBelowMax--
--Output from testDateCreatedIsRequired--
--Output from testPasswordIsRequired--
--Output from testEmailIsRequired--
--Output from testPasswordIsAboveMin--
--Output from testEmailIsValid--
--Output from testPasswordIsBetweenRightSize--
]]></system-out>

      <system-err><![CDATA[--Output from testPasswordIsBelowMax--
--Output from testDateCreatedIsRequired--
--Output from testPasswordIsRequired--
--Output from testEmailIsRequired--
--Output from testPasswordIsAboveMin--
--Output from testEmailIsValid--
--Output from testPasswordIsBetweenRightSize--
]]></system-err>

  </testsuite>
  <testsuite errors="0" failures="0" hostname="ujjwal-PC" id="8" name="EmailListeningServiceTests" package="auctionhaus" tests="1" time="0.104" timestamp="2012-04-13T20:30:14">
      <properties />

      <testcase classname="auctionhaus.EmailListeningServiceTests" name="testSomething" time="0.03" />

      <system-out><![CDATA[--Output from testSomething--
]]></system-out>

      <system-err><![CDATA[--Output from testSomething--
]]></system-err>

  </testsuite>
  <testsuite errors="0" failures="0" hostname="ujjwal-PC" id="9" name="ListingControllerTests" package="auctionhaus" tests="5" time="4.592" timestamp="2012-04-13T20:30:14">
      <properties />

      <testcase classname="auctionhaus.ListingControllerTests" name="testAddBids" time="0.748" />

      <testcase classname="auctionhaus.ListingControllerTests" name="testIndex" time="0.099" />

      <testcase classname="auctionhaus.ListingControllerTests" name="testInvalidAddBids" time="2.262" />

      <testcase classname="auctionhaus.ListingControllerTests" name="testFlashAddBidSuccessful" time="0.353" />

      <testcase classname="auctionhaus.ListingControllerTests" name="testFlashAddBidFail" time="1.018" />

      <system-out><![CDATA[--Output from testAddBids--
--Output from testIndex--
--Output from testInvalidAddBids--
default.unsuccessful.bid.submitted--Output from testFlashAddBidSuccessful--
--Output from testFlashAddBidFail--
]]></system-out>

      <system-err><![CDATA[--Output from testAddBids--
--Output from testIndex--
--Output from testInvalidAddBids--
--Output from testFlashAddBidSuccessful--
--Output from testFlashAddBidFail--
]]></system-err>

  </testsuite>
  <testsuite errors="0" failures="0" hostname="ujjwal-PC" id="10" name="ListingServiceTests" package="auctionhaus" tests="3" time="0.487" timestamp="2012-04-13T20:30:19">
      <properties />

      <testcase classname="auctionhaus.ListingServiceTests" name="testaddBidToListing_Fail_WhenListingExpired" time="0.108" />

      <testcase classname="auctionhaus.ListingServiceTests" name="testaddNewListing" time="0.087" />

      <testcase classname="auctionhaus.ListingServiceTests" name="testaddBidToListing" time="0.131" />

      <system-out><![CDATA[--Output from testaddBidToListing_Fail_WhenListingExpired--
--Output from testaddNewListing--
--Output from testaddBidToListing--
]]></system-out>

      <system-err><![CDATA[--Output from testaddBidToListing_Fail_WhenListingExpired--
--Output from testaddNewListing--
--Output from testaddBidToListing--
]]></system-err>

  </testsuite>
  <testsuite errors="0" failures="0" hostname="ujjwal-PC" id="11" name="ListingTests" package="auctionhaus" tests="11" time="0.435" timestamp="2012-04-13T20:30:20">
      <properties />

      <testcase classname="auctionhaus.ListingTests" name="testLengthOfDescriptionTooLong" time="0.04" />

      <testcase classname="auctionhaus.ListingTests" name="testLengthOfNameTooLong" time="0.024" />

      <testcase classname="auctionhaus.ListingTests" name="testLengthOfNameOK" time="0.03" />

      <testcase classname="auctionhaus.ListingTests" name="testNameIsNotBlank" time="0.019" />

      <testcase classname="auctionhaus.ListingTests" name="testNameIsRequired" time="0.021" />

      <testcase classname="auctionhaus.ListingTests" name="testDateNotNull" time="0.02" />

      <testcase classname="auctionhaus.ListingTests" name="testDateIsInFuture" time="0.021" />

      <testcase classname="auctionhaus.ListingTests" name="testPriceStartedIsRequired" time="0.019" />

      <testcase classname="auctionhaus.ListingTests" name="testPriceStartedIsValid" time="0.021" />

      <testcase classname="auctionhaus.ListingTests" name="testSellerIsRequired" time="0.104" />

      <testcase classname="auctionhaus.ListingTests" name="testLengthOfDescriptionOK" time="0.021" />

      <system-out><![CDATA[--Output from testLengthOfDescriptionTooLong--
--Output from testLengthOfNameTooLong--
--Output from testLengthOfNameOK--
--Output from testNameIsNotBlank--
--Output from testNameIsRequired--
--Output from testDateNotNull--
--Output from testDateIsInFuture--
--Output from testPriceStartedIsRequired--
--Output from testPriceStartedIsValid--
--Output from testSellerIsRequired--
--Output from testLengthOfDescriptionOK--
]]></system-out>

      <system-err><![CDATA[--Output from testLengthOfDescriptionTooLong--
--Output from testLengthOfNameTooLong--
--Output from testLengthOfNameOK--
--Output from testNameIsNotBlank--
--Output from testNameIsRequired--
--Output from testDateNotNull--
--Output from testDateIsInFuture--
--Output from testPriceStartedIsRequired--
--Output from testPriceStartedIsValid--
--Output from testSellerIsRequired--
--Output from testLengthOfDescriptionOK--
]]></system-err>

  </testsuite>
</testsuites>
